netcdf geo-height-ruapehu {
dimensions:
	time = UNLIMITED ; // (8 currently)
	level = 17 ;
	lat = 1 ;
	lon = 1 ;
variables:
	float hgt(time, level, lat, lon) ;
		hgt:long_name = "4xDaily Geopotential height" ;
		hgt:units = "m" ;
		hgt:precision = 0s ;
		hgt:least_significant_digit = 0s ;
		hgt:GRIB_id = 7s ;
		hgt:GRIB_name = "HGT" ;
		hgt:var_desc = "Geopotential height" ;
		hgt:level_desc = "Multiple levels" ;
		hgt:statistic = "Individual Obs" ;
		hgt:parent_stat = "Other" ;
		hgt:missing_value = -9.96921e+36f ;
		hgt:valid_range = -700.f, 35000.f ;
		hgt:dataset = "NCEP Reanalysis" ;
		hgt:actual_range = 35.f, 30839.f ;
	float lat(lat) ;
		lat:units = "degrees_north" ;
		lat:long_name = "Latitude" ;
		lat:standard_name = "latitude" ;
		lat:axis = "Y" ;
		lat:actual_range = -40.f, -40.f ;
	float level(level) ;
		level:units = "millibar" ;
		level:long_name = "Level" ;
		level:positive = "down" ;
		level:GRIB_id = 100s ;
		level:GRIB_name = "hPa" ;
		level:axis = "Z" ;
		level:actual_range = 1000.f, 10.f ;
	float lon(lon) ;
		lon:units = "degrees_east" ;
		lon:long_name = "Longitude" ;
		lon:standard_name = "longitude" ;
		lon:axis = "X" ;
		lon:actual_range = 157.5f, 157.5f ;
	double time(time) ;
		time:long_name = "Time" ;
		time:delta_t = "0000-00-00 06:00:00" ;
		time:standard_name = "time" ;
		time:axis = "T" ;
		time:units = "hours since 1800-01-01 00:00:0.0" ;
		time:actual_range = 1713312., 1713354. ;

// global attributes:
		:Conventions = "COARDS" ;
		:title = "4x daily NMC Reanalysis (1995)" ;
		:description = "Data is from NMC initialized reanalysis\n",
			"(4x/day).  It consists of most variables interpolated to\n",
			"pressure surfaces from model (sigma) surfaces." ;
		:platform = "Model" ;
		:history = "Fri Mar 16 18:43:42 2018: ncks -O -d level,10.000000,1000.000000 -d lat,-39.280000 -d lon,157.570000 -d time,664,671 /Datasets/ncep.reanalysis/pressure/hgt.1995.nc /Public/www/X125.237.227.30.74.18.43.42.nc\n",
			"created 95/02/06 by Hoop (netCDF2.3)\n",
			"Converted to chunked, deflated non-packed NetCDF4 2014/09" ;
		:References = "http://www.esrl.noaa.gov/psd/data/gridded/data.ncep.reanalysis.html" ;
		:dataset_title = "NCEP-NCAR Reanalysis 1" ;
		:NCO = "4.2.6" ;
data:

 hgt =
  127,  // hgt(0,0,0,0)
    772,  // hgt(0,1,0,0)
    1457,  // hgt(0,2,0,0)
    2989,  // hgt(0,3,0,0)
    4167,  // hgt(0,4,0,0)
    5514,  // hgt(0,5,0,0)
    7101,  // hgt(0,6,0,0)
    9030,  // hgt(0,7,0,0)
    10194,  // hgt(0,8,0,0)
    11602,  // hgt(0,9,0,0)
    13452,  // hgt(0,10,0,0)
    16072,  // hgt(0,11,0,0)
    18347,  // hgt(0,12,0,0)
    20477,  // hgt(0,13,0,0)
    23710,  // hgt(0,14,0,0)
    26301,  // hgt(0,15,0,0)
    30784,  // hgt(0,16,0,0)
    98,  // hgt(1,0,0,0)
    743,  // hgt(1,1,0,0)
    1430,  // hgt(1,2,0,0)
    2969,  // hgt(1,3,0,0)
    4154,  // hgt(1,4,0,0)
    5508,  // hgt(1,5,0,0)
    7100,  // hgt(1,6,0,0)
    9026,  // hgt(1,7,0,0)
    10187,  // hgt(1,8,0,0)
    11590,  // hgt(1,9,0,0)
    13435,  // hgt(1,10,0,0)
    16034,  // hgt(1,11,0,0)
    18300,  // hgt(1,12,0,0)
    20435,  // hgt(1,13,0,0)
    23671,  // hgt(1,14,0,0)
    26257,  // hgt(1,15,0,0)
    30734,  // hgt(1,16,0,0)
    82,  // hgt(2,0,0,0)
    729,  // hgt(2,1,0,0)
    1415,  // hgt(2,2,0,0)
    2946,  // hgt(2,3,0,0)
    4135,  // hgt(2,4,0,0)
    5497,  // hgt(2,5,0,0)
    7095,  // hgt(2,6,0,0)
    9017,  // hgt(2,7,0,0)
    10174,  // hgt(2,8,0,0)
    11583,  // hgt(2,9,0,0)
    13445,  // hgt(2,10,0,0)
    16057,  // hgt(2,11,0,0)
    18331,  // hgt(2,12,0,0)
    20464,  // hgt(2,13,0,0)
    23707,  // hgt(2,14,0,0)
    26299,  // hgt(2,15,0,0)
    30795,  // hgt(2,16,0,0)
    56,  // hgt(3,0,0,0)
    702,  // hgt(3,1,0,0)
    1388,  // hgt(3,2,0,0)
    2915,  // hgt(3,3,0,0)
    4099,  // hgt(3,4,0,0)
    5455,  // hgt(3,5,0,0)
    7043,  // hgt(3,6,0,0)
    8955,  // hgt(3,7,0,0)
    10113,  // hgt(3,8,0,0)
    11537,  // hgt(3,9,0,0)
    13403,  // hgt(3,10,0,0)
    16023,  // hgt(3,11,0,0)
    18308,  // hgt(3,12,0,0)
    20438,  // hgt(3,13,0,0)
    23687,  // hgt(3,14,0,0)
    26275,  // hgt(3,15,0,0)
    30780,  // hgt(3,16,0,0)
    50,  // hgt(4,0,0,0)
    695,  // hgt(4,1,0,0)
    1378,  // hgt(4,2,0,0)
    2905,  // hgt(4,3,0,0)
    4086,  // hgt(4,4,0,0)
    5435,  // hgt(4,5,0,0)
    7013,  // hgt(4,6,0,0)
    8924,  // hgt(4,7,0,0)
    10100,  // hgt(4,8,0,0)
    11541,  // hgt(4,9,0,0)
    13411,  // hgt(4,10,0,0)
    16039,  // hgt(4,11,0,0)
    18337,  // hgt(4,12,0,0)
    20483,  // hgt(4,13,0,0)
    23728,  // hgt(4,14,0,0)
    26316,  // hgt(4,15,0,0)
    30835,  // hgt(4,16,0,0)
    35,  // hgt(5,0,0,0)
    680,  // hgt(5,1,0,0)
    1363,  // hgt(5,2,0,0)
    2890,  // hgt(5,3,0,0)
    4068,  // hgt(5,4,0,0)
    5405,  // hgt(5,5,0,0)
    6970,  // hgt(5,6,0,0)
    8875,  // hgt(5,7,0,0)
    10058,  // hgt(5,8,0,0)
    11509,  // hgt(5,9,0,0)
    13384,  // hgt(5,10,0,0)
    16017,  // hgt(5,11,0,0)
    18311,  // hgt(5,12,0,0)
    20453,  // hgt(5,13,0,0)
    23709,  // hgt(5,14,0,0)
    26309,  // hgt(5,15,0,0)
    30819,  // hgt(5,16,0,0)
    37,  // hgt(6,0,0,0)
    680,  // hgt(6,1,0,0)
    1362,  // hgt(6,2,0,0)
    2887,  // hgt(6,3,0,0)
    4064,  // hgt(6,4,0,0)
    5394,  // hgt(6,5,0,0)
    6951,  // hgt(6,6,0,0)
    8857,  // hgt(6,7,0,0)
    10052,  // hgt(6,8,0,0)
    11514,  // hgt(6,9,0,0)
    13394,  // hgt(6,10,0,0)
    16032,  // hgt(6,11,0,0)
    18327,  // hgt(6,12,0,0)
    20474,  // hgt(6,13,0,0)
    23713,  // hgt(6,14,0,0)
    26315,  // hgt(6,15,0,0)
    30839,  // hgt(6,16,0,0)
    43,  // hgt(7,0,0,0)
    684,  // hgt(7,1,0,0)
    1366,  // hgt(7,2,0,0)
    2883,  // hgt(7,3,0,0)
    4051,  // hgt(7,4,0,0)
    5377,  // hgt(7,5,0,0)
    6934,  // hgt(7,6,0,0)
    8843,  // hgt(7,7,0,0)
    10039,  // hgt(7,8,0,0)
    11503,  // hgt(7,9,0,0)
    13382,  // hgt(7,10,0,0)
    16015,  // hgt(7,11,0,0)
    18306,  // hgt(7,12,0,0)
    20460,  // hgt(7,13,0,0)
    23713,  // hgt(7,14,0,0)
    26315,  // hgt(7,15,0,0)
    30816;  // hgt(7,16,0,0)
    
 time = 1713312,   // time(0)
    1713318,   // time(1)
    1713324,   // time(2)
    1713330,   // time(3)
    1713336,   // time(4)
    1713342,   // time(5)
    1713348,   // time(6)
    1713354;  // time(7)
    }
